SF:lib/main.dart
DA:9,0
DA:10,0
DA:11,0
DA:12,0
DA:13,0
DA:14,0
DA:18,1
DA:20,0
LF:8
LH:1
end_of_record
SF:lib/base/presentation/base_view.dart
DA:5,1
DA:10,0
DA:12,0
LF:3
LH:1
end_of_record
SF:lib/config/binding.dart
DA:8,0
DA:9,0
LF:2
LH:0
end_of_record
SF:lib/features/shop/data/model/local_model/product_local_model.dart
DA:20,0
DA:25,0
DA:26,0
DA:27,0
DA:28,0
DA:29,0
DA:30,0
DA:31,0
DA:32,0
LF:9
LH:0
end_of_record
SF:lib/features/shop/data/model/local_model/product_local_model.g.dart
DA:13,0
DA:15,0
DA:16,0
DA:17,0
DA:19,0
DA:20,0
DA:21,0
DA:22,0
DA:23,0
DA:27,0
DA:30,0
DA:31,0
DA:32,0
DA:33,0
DA:34,0
DA:35,0
DA:36,0
DA:37,0
DA:38,0
DA:41,0
DA:42,0
DA:44,0
DA:47,0
DA:48,0
DA:49,0
LF:25
LH:0
end_of_record
SF:lib/extension/extension.dart
DA:6,0
DA:8,0
DA:9,0
DA:15,0
DA:16,0
LF:5
LH:0
end_of_record
SF:lib/features/shop/data/data_source/local/local_data_soruce.dart
DA:8,0
DA:10,0
DA:11,0
DA:14,0
DA:15,0
DA:18,0
DA:19,0
LF:7
LH:0
end_of_record
SF:lib/features/shop/domain/entities/product_entities.dart
DA:7,0
LF:1
LH:0
end_of_record
SF:lib/features/shop/data/data_source/remote/product_api.dart
DA:12,0
DA:15,0
DA:16,0
LF:3
LH:0
end_of_record
SF:lib/features/shop/data/model/remote_model/product_model.dart
DA:11,0
DA:12,0
DA:14,0
DA:19,0
DA:21,0
DA:29,0
DA:31,0
DA:32,0
DA:34,0
LF:9
LH:0
end_of_record
SF:lib/features/shop/data/model/remote_model/product_model.g.dart
DA:9,0
DA:10,0
DA:11,0
DA:12,0
DA:13,0
DA:16,0
DA:17,0
DA:18,0
DA:19,0
DA:20,0
DA:21,0
DA:22,0
DA:25,0
DA:26,0
DA:27,0
DA:28,0
DA:31,0
DA:32,0
DA:33,0
LF:19
LH:0
end_of_record
SF:lib/features/shop/data/repo_impl/product_repoimpl.dart
DA:10,0
DA:11,0
DA:13,0
DA:16,0
DA:18,0
DA:19,0
DA:22,0
DA:24,0
DA:25,0
DA:28,0
DA:30,0
LF:11
LH:0
end_of_record
SF:lib/features/shop/domain/usecase/add_product_usecase.dart
DA:7,0
DA:8,0
DA:10,0
LF:3
LH:0
end_of_record
SF:lib/features/shop/domain/usecase/delete_product_usecase.dart
DA:6,0
DA:8,0
DA:10,0
LF:3
LH:0
end_of_record
SF:lib/features/shop/domain/usecase/get_save_product_usecase.dart
DA:7,0
DA:8,0
DA:10,0
LF:3
LH:0
end_of_record
SF:lib/features/shop/domain/usecase/getall_product_usecase.dart
DA:7,0
DA:8,0
DA:10,0
LF:3
LH:0
end_of_record
SF:lib/features/shop/presentation/controller/product_provider.dart
DA:12,0
DA:13,0
DA:14,0
DA:17,0
DA:18,0
DA:19,0
DA:20,0
DA:23,0
DA:24,0
DA:25,0
DA:27,0
DA:28,0
DA:29,0
DA:31,0
DA:32,0
DA:33,0
DA:34,0
DA:36,0
DA:37,0
DA:38,0
DA:41,0
DA:42,0
DA:43,0
DA:46,0
DA:47,0
DA:48,0
LF:26
LH:0
end_of_record
SF:lib/features/shop/presentation/controller/tabbar_controller.dart
DA:7,0
DA:8,0
DA:9,0
DA:12,0
DA:13,0
DA:14,0
DA:17,0
DA:19,0
DA:20,0
LF:9
LH:0
end_of_record
SF:lib/features/shop/presentation/view/page/tabbar_page.dart
DA:9,1
DA:11,0
DA:13,0
DA:14,0
DA:15,0
DA:16,0
DA:18,0
DA:19,0
DA:21,0
DA:24,0
DA:25,0
DA:28,0
DA:34,0
DA:36,0
DA:38,0
DA:39,0
DA:40,0
DA:41,0
DA:42,0
LF:19
LH:1
end_of_record
